<?xml version="1.0" encoding="UTF-8"?>
<testng-results ignored="0" total="1" passed="1" failed="0" skipped="0">
  <reporter-output>
  </reporter-output>
  <suite started-at="2022-08-10T15:29:03 IST" name="Suite" finished-at="2022-08-10T15:29:42 IST" duration-ms="38975">
    <groups>
    </groups>
    <test started-at="2022-08-10T15:29:03 IST" name="Test" finished-at="2022-08-10T15:29:42 IST" duration-ms="38975">
      <class name="com.qa.testLayer.TestCases">
        <test-method is-config="true" signature="start()[pri:0, instance:com.qa.testLayer.TestCases@8f4ea7c]" started-at="2022-08-10T15:29:03 IST" name="start" finished-at="2022-08-10T15:29:03 IST" duration-ms="97" status="PASS">
          <reporter-output>
          </reporter-output>
        </test-method> <!-- start -->
        <test-method is-config="true" signature="setup()[pri:0, instance:com.qa.testLayer.TestCases@8f4ea7c]" started-at="2022-08-10T15:29:03 IST" name="setup" finished-at="2022-08-10T15:29:10 IST" duration-ms="7533" status="PASS">
          <reporter-output>
          </reporter-output>
        </test-method> <!-- setup -->
        <test-method signature="verifyHomePage()[pri:0, instance:com.qa.testLayer.TestCases@8f4ea7c]" started-at="2022-08-10T15:29:10 IST" name="verifyHomePage" finished-at="2022-08-10T15:29:41 IST" duration-ms="30781" status="PASS">
          <reporter-output>
          </reporter-output>
        </test-method> <!-- verifyHomePage -->
        <test-method is-config="true" signature="tearDown()[pri:0, instance:com.qa.testLayer.TestCases@8f4ea7c]" started-at="2022-08-10T15:29:41 IST" name="tearDown" finished-at="2022-08-10T15:29:42 IST" duration-ms="532" status="PASS">
          <reporter-output>
          </reporter-output>
        </test-method> <!-- tearDown -->
        <test-method is-config="true" signature="stop()[pri:0, instance:com.qa.testLayer.TestCases@8f4ea7c]" started-at="2022-08-10T15:29:42 IST" name="stop" finished-at="2022-08-10T15:29:42 IST" duration-ms="0" status="PASS">
          <reporter-output>
          </reporter-output>
        </test-method> <!-- stop -->
      </class> <!-- com.qa.testLayer.TestCases -->
    </test> <!-- Test -->
  </suite> <!-- Suite -->
</testng-results>
